1495182840205	geckodriver	INFO	Listening on 127.0.0.1:60094
1495182842212	mozprofile::profile	INFO	Using profile path C:\Users\ADMINI~1\AppData\Local\Temp\rust_mozprofile.8HlIwdZSq8Uy
1495182842250	geckodriver::marionette	INFO	Starting browser C:\Program Files (x86)\mozilla firefox\firefox.exe
1495182842272	geckodriver::marionette	INFO	Connecting to Marionette on localhost:60102
1495182842530	addons.manager	DEBUG	Application has been upgraded
1495182842571	addons.manager	DEBUG	Loaded provider scope for resource://gre/modules/addons/XPIProvider.jsm: ["XPIProvider"]
1495182842573	addons.manager	DEBUG	Loaded provider scope for resource://gre/modules/LightweightThemeManager.jsm: ["LightweightThemeManager"]
1495182842577	addons.manager	DEBUG	Loaded provider scope for resource://gre/modules/addons/GMPProvider.jsm
1495182842579	addons.manager	DEBUG	Loaded provider scope for resource://gre/modules/addons/PluginProvider.jsm
1495182842580	addons.manager	DEBUG	Starting provider: XPIProvider
1495182842580	addons.xpi	DEBUG	startup
1495182842581	addons.xpi	INFO	SystemAddonInstallLocation directory is missing
1495182842582	addons.xpi	INFO	Mapping aushelper@mozilla.org to C:\Program Files (x86)\mozilla firefox\browser\features\aushelper@mozilla.org.xpi
1495182842582	addons.xpi	INFO	Mapping deployment-checker@mozilla.org to C:\Program Files (x86)\mozilla firefox\browser\features\deployment-checker@mozilla.org.xpi
1495182842582	addons.xpi	INFO	Mapping e10srollout@mozilla.org to C:\Program Files (x86)\mozilla firefox\browser\features\e10srollout@mozilla.org.xpi
1495182842582	addons.xpi	INFO	Mapping firefox@getpocket.com to C:\Program Files (x86)\mozilla firefox\browser\features\firefox@getpocket.com.xpi
1495182842583	addons.xpi	INFO	Mapping webcompat@mozilla.org to C:\Program Files (x86)\mozilla firefox\browser\features\webcompat@mozilla.org.xpi
1495182842583	addons.xpi	INFO	Mapping {972ce4c6-7e08-4474-a285-3208198ce6fd} to C:\Program Files (x86)\mozilla firefox\browser\extensions\{972ce4c6-7e08-4474-a285-3208198ce6fd}.xpi
1495182842584	addons.xpi	DEBUG	checkForChanges
1495182842584	addons.xpi	INFO	SystemAddonInstallLocation directory is missing
1495182842585	addons.xpi	DEBUG	Loaded add-on state from prefs: {}
1495182842586	addons.xpi	DEBUG	New add-on aushelper@mozilla.org in app-system-defaults
1495182842586	addons.xpi	DEBUG	getModTime: Recursive scan of aushelper@mozilla.org
1495182842587	addons.xpi	DEBUG	New add-on deployment-checker@mozilla.org in app-system-defaults
1495182842587	addons.xpi	DEBUG	getModTime: Recursive scan of deployment-checker@mozilla.org
1495182842588	addons.xpi	DEBUG	New add-on e10srollout@mozilla.org in app-system-defaults
1495182842588	addons.xpi	DEBUG	getModTime: Recursive scan of e10srollout@mozilla.org
1495182842589	addons.xpi	DEBUG	New add-on firefox@getpocket.com in app-system-defaults
1495182842589	addons.xpi	DEBUG	getModTime: Recursive scan of firefox@getpocket.com
1495182842589	addons.xpi	DEBUG	New add-on webcompat@mozilla.org in app-system-defaults
1495182842590	addons.xpi	DEBUG	getModTime: Recursive scan of webcompat@mozilla.org
1495182842590	addons.xpi	DEBUG	New add-on {972ce4c6-7e08-4474-a285-3208198ce6fd} in app-global
1495182842590	addons.xpi	DEBUG	getModTime: Recursive scan of {972ce4c6-7e08-4474-a285-3208198ce6fd}
1495182842591	addons.xpi	DEBUG	getInstallState changed: true, state: {"app-system-defaults":{"aushelper@mozilla.org":{"d":"C:\\Program Files (x86)\\mozilla firefox\\browser\\features\\aushelper@mozilla.org.xpi","st":1491882509473},"deployment-checker@mozilla.org":{"d":"C:\\Program Files (x86)\\mozilla firefox\\browser\\features\\deployment-checker@mozilla.org.xpi","st":1491882509483},"e10srollout@mozilla.org":{"d":"C:\\Program Files (x86)\\mozilla firefox\\browser\\features\\e10srollout@mozilla.org.xpi","st":1491882509472},"firefox@getpocket.com":{"d":"C:\\Program Files (x86)\\mozilla firefox\\browser\\features\\firefox@getpocket.com.xpi","st":1491882509471},"webcompat@mozilla.org":{"d":"C:\\Program Files (x86)\\mozilla firefox\\browser\\features\\webcompat@mozilla.org.xpi","st":1491882509466}},"app-global":{"{972ce4c6-7e08-4474-a285-3208198ce6fd}":{"d":"C:\\Program Files (x86)\\mozilla firefox\\browser\\extensions\\{972ce4c6-7e08-4474-a285-3208198ce6fd}.xpi","st":1491882509474}}}
1495182842601	addons.xpi-utils	DEBUG	Opening XPI database C:\Users\ADMINI~1\AppData\Local\Temp\rust_mozprofile.8HlIwdZSq8Uy\extensions.json
1495182842604	addons.xpi-utils	DEBUG	New add-on aushelper@mozilla.org installed in app-system-defaults
*** Blocklist::_loadBlocklistFromFile: blocklist is disabled
1495182842615	DeferredSave.extensions.json	DEBUG	Save changes
1495182842615	addons.xpi-utils	DEBUG	New add-on deployment-checker@mozilla.org installed in app-system-defaults
1495182842619	DeferredSave.extensions.json	DEBUG	Starting timer
1495182842621	DeferredSave.extensions.json	DEBUG	Save changes
1495182842621	addons.xpi-utils	DEBUG	New add-on e10srollout@mozilla.org installed in app-system-defaults
1495182842626	DeferredSave.extensions.json	DEBUG	Save changes
1495182842626	addons.xpi-utils	DEBUG	New add-on firefox@getpocket.com installed in app-system-defaults
1495182842632	DeferredSave.extensions.json	DEBUG	Save changes
1495182842633	addons.xpi-utils	DEBUG	New add-on webcompat@mozilla.org installed in app-system-defaults
1495182842637	DeferredSave.extensions.json	DEBUG	Save changes
1495182842637	addons.xpi-utils	DEBUG	New add-on {972ce4c6-7e08-4474-a285-3208198ce6fd} installed in app-global
1495182842642	DeferredSave.extensions.json	DEBUG	Save changes
1495182842643	addons.manager	DEBUG	Registering startup change 'installed' for aushelper@mozilla.org
1495182842651	addons.xpi	DEBUG	Loading bootstrap scope from C:\Program Files (x86)\mozilla firefox\browser\features\aushelper@mozilla.org.xpi
1495182842655	addons.xpi	DEBUG	Calling bootstrap method install on aushelper@mozilla.org version 2.0
1495182842656	addons.xpi-utils	DEBUG	Make addon app-system-defaults:aushelper@mozilla.org visible
1495182842656	DeferredSave.extensions.json	DEBUG	Save changes
1495182842656	addons.manager	DEBUG	Registering startup change 'installed' for deployment-checker@mozilla.org
1495182842657	addons.xpi	DEBUG	Loading bootstrap scope from C:\Program Files (x86)\mozilla firefox\browser\features\deployment-checker@mozilla.org.xpi
1495182842662	addons.xpi	DEBUG	Calling bootstrap method install on deployment-checker@mozilla.org version 1.0
1495182842781	addons.xpi-utils	DEBUG	Make addon app-system-defaults:deployment-checker@mozilla.org visible
1495182842781	DeferredSave.extensions.json	DEBUG	Save changes
1495182842782	addons.manager	DEBUG	Registering startup change 'installed' for e10srollout@mozilla.org
1495182842782	addons.xpi	DEBUG	Loading bootstrap scope from C:\Program Files (x86)\mozilla firefox\browser\features\e10srollout@mozilla.org.xpi
1495182842785	addons.xpi	DEBUG	Calling bootstrap method install on e10srollout@mozilla.org version 1.9
1495182842787	addons.xpi-utils	DEBUG	Make addon app-system-defaults:e10srollout@mozilla.org visible
1495182842787	DeferredSave.extensions.json	DEBUG	Save changes
1495182842787	addons.manager	DEBUG	Registering startup change 'installed' for firefox@getpocket.com
1495182842788	addons.xpi	DEBUG	Loading bootstrap scope from C:\Program Files (x86)\mozilla firefox\browser\features\firefox@getpocket.com.xpi
1495182842792	addons.xpi	DEBUG	Calling bootstrap method install on firefox@getpocket.com version 1.0.5
1495182842792	addons.xpi-utils	DEBUG	Make addon app-system-defaults:firefox@getpocket.com visible
1495182842792	DeferredSave.extensions.json	DEBUG	Save changes
1495182842792	addons.manager	DEBUG	Registering startup change 'installed' for webcompat@mozilla.org
1495182842793	addons.xpi	DEBUG	Loading bootstrap scope from C:\Program Files (x86)\mozilla firefox\browser\features\webcompat@mozilla.org.xpi
1495182842795	addons.xpi	DEBUG	Calling bootstrap method install on webcompat@mozilla.org version 1.0
1495182842795	addons.xpi-utils	DEBUG	Make addon app-system-defaults:webcompat@mozilla.org visible
1495182842796	DeferredSave.extensions.json	DEBUG	Save changes
1495182842796	addons.xpi-utils	DEBUG	Make addon app-global:{972ce4c6-7e08-4474-a285-3208198ce6fd} visible
1495182842796	DeferredSave.extensions.json	DEBUG	Save changes
1495182842797	addons.xpi	DEBUG	Updating XPIState for {"id":"aushelper@mozilla.org","syncGUID":"{4e716f9e-cf7c-496d-8848-f81b275e6200}","location":"app-system-defaults","version":"2.0","type":"extension","internalName":null,"updateURL":null,"updateKey":null,"optionsURL":null,"optionsType":null,"aboutURL":null,"icons":{},"iconURL":null,"icon64URL":null,"defaultLocale":{"name":"Application Update Service Helper","description":"Sets value(s) in the update url based on custom checks.","creator":null,"homepageURL":null},"visible":true,"active":true,"userDisabled":false,"appDisabled":false,"descriptor":"C:\\Program Files (x86)\\mozilla firefox\\browser\\features\\aushelper@mozilla.org.xpi","installDate":1491882509473,"updateDate":1491882509473,"applyBackgroundUpdates":1,"bootstrap":true,"skinnable":false,"size":8488,"sourceURI":null,"releaseNotesURI":null,"softDisabled":false,"foreignInstall":false,"hasBinaryComponents":false,"strictCompatibility":false,"locales":[],"targetApplications":[{"id":"{ec8030f7-c20a-464f-9b0e-13a3a9e97384}","minVersion":"52.0.2","maxVersion":"52.*"}],"targetPlatforms":[],"multiprocessCompatible":true,"seen":true,"dependencies":[],"hasEmbeddedWebExtension":false,"mpcOptedOut":false}
1495182842797	addons.xpi	DEBUG	getModTime: Recursive scan of aushelper@mozilla.org
1495182842797	addons.xpi	DEBUG	Updating XPIState for {"id":"deployment-checker@mozilla.org","syncGUID":"{a8ddd18e-a730-4a2d-844a-1ecda41ce30c}","location":"app-system-defaults","version":"1.0","type":"extension","internalName":null,"updateURL":null,"updateKey":null,"optionsURL":null,"optionsType":null,"aboutURL":null,"icons":{},"iconURL":null,"icon64URL":null,"defaultLocale":{"name":"Site Deployment Checker","description":"Check that Users Encounter Mozilla Sites as Deployed by Mozilla","creator":null,"homepageURL":null},"visible":true,"active":true,"userDisabled":false,"appDisabled":false,"descriptor":"C:\\Program Files (x86)\\mozilla firefox\\browser\\features\\deployment-checker@mozilla.org.xpi","installDate":1491882509483,"updateDate":1491882509483,"applyBackgroundUpdates":1,"bootstrap":true,"skinnable":false,"size":11555,"sourceURI":null,"releaseNotesURI":null,"softDisabled":false,"foreignInstall":false,"hasBinaryComponents":false,"strictCompatibility":false,"locales":[],"targetApplications":[{"id":"{ec8030f7-c20a-464f-9b0e-13a3a9e97384}","minVersion":"52.0.2","maxVersion":"52.*"}],"targetPlatforms":[],"multiprocessCompatible":true,"seen":true,"dependencies":[],"hasEmbeddedWebExtension":false,"mpcOptedOut":false}
1495182842797	addons.xpi	DEBUG	getModTime: Recursive scan of deployment-checker@mozilla.org
1495182842798	addons.xpi	DEBUG	Updating XPIState for {"id":"e10srollout@mozilla.org","syncGUID":"{0b068cc3-8c15-47ef-9fd2-2ca0535f7fa5}","location":"app-system-defaults","version":"1.9","type":"extension","internalName":null,"updateURL":null,"updateKey":null,"optionsURL":null,"optionsType":null,"aboutURL":null,"icons":{},"iconURL":null,"icon64URL":null,"defaultLocale":{"name":"Multi-process staged rollout","description":"Staged rollout of Firefox multi-process feature.","creator":null,"homepageURL":null},"visible":true,"active":true,"userDisabled":false,"appDisabled":false,"descriptor":"C:\\Program Files (x86)\\mozilla firefox\\browser\\features\\e10srollout@mozilla.org.xpi","installDate":1491882509472,"updateDate":1491882509472,"applyBackgroundUpdates":1,"bootstrap":true,"skinnable":false,"size":7183,"sourceURI":null,"releaseNotesURI":null,"softDisabled":false,"foreignInstall":false,"hasBinaryComponents":false,"strictCompatibility":false,"locales":[],"targetApplications":[{"id":"{ec8030f7-c20a-464f-9b0e-13a3a9e97384}","minVersion":"52.0.2","maxVersion":"52.*"}],"targetPlatforms":[],"multiprocessCompatible":true,"seen":true,"dependencies":[],"hasEmbeddedWebExtension":false,"mpcOptedOut":false}
1495182842798	addons.xpi	DEBUG	getModTime: Recursive scan of e10srollout@mozilla.org
1495182842798	addons.xpi	DEBUG	Updating XPIState for {"id":"firefox@getpocket.com","syncGUID":"{0f787c6f-c8f5-470c-900d-48c7125a1247}","location":"app-system-defaults","version":"1.0.5","type":"extension","internalName":null,"updateURL":null,"updateKey":null,"optionsURL":null,"optionsType":null,"aboutURL":null,"icons":{},"iconURL":null,"icon64URL":null,"defaultLocale":{"name":"Pocket","description":"When you find something you want to view later, put it in Pocket.","creator":null,"homepageURL":null},"visible":true,"active":true,"userDisabled":false,"appDisabled":false,"descriptor":"C:\\Program Files (x86)\\mozilla firefox\\browser\\features\\firefox@getpocket.com.xpi","installDate":1491882509471,"updateDate":1491882509471,"applyBackgroundUpdates":1,"bootstrap":true,"skinnable":false,"size":920329,"sourceURI":null,"releaseNotesURI":null,"softDisabled":false,"foreignInstall":false,"hasBinaryComponents":false,"strictCompatibility":false,"locales":[],"targetApplications":[{"id":"{ec8030f7-c20a-464f-9b0e-13a3a9e97384}","minVersion":"52.0.2","maxVersion":"52.*"}],"targetPlatforms":[],"multiprocessCompatible":true,"seen":true,"dependencies":[],"hasEmbeddedWebExtension":false,"mpcOptedOut":false}
1495182842799	addons.xpi	DEBUG	getModTime: Recursive scan of firefox@getpocket.com
1495182842799	addons.xpi	DEBUG	Updating XPIState for {"id":"webcompat@mozilla.org","syncGUID":"{9667756d-3b10-4eea-9295-b2e62c41a607}","location":"app-system-defaults","version":"1.0","type":"extension","internalName":null,"updateURL":null,"updateKey":null,"optionsURL":null,"optionsType":null,"aboutURL":null,"icons":{},"iconURL":null,"icon64URL":null,"defaultLocale":{"name":"Web Compat","description":"Urgent post-release fixes for web compatibility.","creator":null,"homepageURL":null},"visible":true,"active":true,"userDisabled":false,"appDisabled":false,"descriptor":"C:\\Program Files (x86)\\mozilla firefox\\browser\\features\\webcompat@mozilla.org.xpi","installDate":1491882509466,"updateDate":1491882509466,"applyBackgroundUpdates":1,"bootstrap":true,"skinnable":false,"size":1456,"sourceURI":null,"releaseNotesURI":null,"softDisabled":false,"foreignInstall":false,"hasBinaryComponents":false,"strictCompatibility":false,"locales":[],"targetApplications":[{"id":"{ec8030f7-c20a-464f-9b0e-13a3a9e97384}","minVersion":"52.0.2","maxVersion":"52.*"}],"targetPlatforms":[],"multiprocessCompatible":true,"seen":true,"dependencies":[],"hasEmbeddedWebExtension":false,"mpcOptedOut":false}
1495182842799	addons.xpi	DEBUG	getModTime: Recursive scan of webcompat@mozilla.org
1495182842800	addons.xpi	DEBUG	Updating XPIState for {"id":"{972ce4c6-7e08-4474-a285-3208198ce6fd}","syncGUID":"{7b8e0a40-b8ee-4254-9bbd-dd55ec297ff1}","location":"app-global","version":"52.0.2","type":"theme","internalName":"classic/1.0","updateURL":null,"updateKey":null,"optionsURL":null,"optionsType":null,"aboutURL":null,"icons":{"32":"icon.png","48":"icon.png"},"iconURL":null,"icon64URL":null,"defaultLocale":{"name":"Default","description":"The default theme.","creator":"Mozilla","homepageURL":null,"contributors":["Mozilla Contributors"]},"visible":true,"active":true,"userDisabled":false,"appDisabled":false,"descriptor":"C:\\Program Files (x86)\\mozilla firefox\\browser\\extensions\\{972ce4c6-7e08-4474-a285-3208198ce6fd}.xpi","installDate":1491882509474,"updateDate":1491882509474,"applyBackgroundUpdates":1,"skinnable":true,"size":19587,"sourceURI":null,"releaseNotesURI":null,"softDisabled":false,"foreignInstall":false,"hasBinaryComponents":false,"strictCompatibility":true,"locales":[],"targetApplications":[{"id":"{ec8030f7-c20a-464f-9b0e-13a3a9e97384}","minVersion":"52.0.2","maxVersion":"52.0.2"}],"targetPlatforms":[],"seen":true,"dependencies":[],"hasEmbeddedWebExtension":false}
1495182842800	addons.xpi	DEBUG	getModTime: Recursive scan of {972ce4c6-7e08-4474-a285-3208198ce6fd}
1495182842801	DeferredSave.extensions.json	DEBUG	Save changes
1495182842802	addons.xpi	DEBUG	Updating database with changes to installed add-ons
1495182842802	addons.xpi-utils	DEBUG	Updating add-on states
1495182842804	addons.xpi-utils	DEBUG	Writing add-ons list
1495182842814	addons.xpi	DEBUG	Registering manifest for C:\Program Files (x86)\mozilla firefox\browser\features\aushelper@mozilla.org.xpi
1495182842814	addons.xpi	DEBUG	Calling bootstrap method startup on aushelper@mozilla.org version 2.0
1495182842817	addons.xpi	DEBUG	Registering manifest for C:\Program Files (x86)\mozilla firefox\browser\features\deployment-checker@mozilla.org.xpi
1495182842818	addons.xpi	DEBUG	Calling bootstrap method startup on deployment-checker@mozilla.org version 1.0
1495182842819	addons.xpi	DEBUG	Registering manifest for C:\Program Files (x86)\mozilla firefox\browser\features\e10srollout@mozilla.org.xpi
1495182842819	addons.xpi	DEBUG	Calling bootstrap method startup on e10srollout@mozilla.org version 1.9
1495182842820	addons.xpi	DEBUG	Registering manifest for C:\Program Files (x86)\mozilla firefox\browser\features\firefox@getpocket.com.xpi
1495182842820	addons.xpi	DEBUG	Calling bootstrap method startup on firefox@getpocket.com version 1.0.5
1495182842821	addons.xpi	DEBUG	Registering manifest for C:\Program Files (x86)\mozilla firefox\browser\features\webcompat@mozilla.org.xpi
1495182842822	addons.xpi	DEBUG	Calling bootstrap method startup on webcompat@mozilla.org version 1.0
1495182842824	addons.manager	DEBUG	Registering shutdown blocker for XPIProvider
1495182842824	addons.manager	DEBUG	Provider finished startup: XPIProvider
1495182842825	addons.manager	DEBUG	Starting provider: LightweightThemeManager
1495182842826	addons.manager	DEBUG	Registering shutdown blocker for LightweightThemeManager
1495182842826	addons.manager	DEBUG	Provider finished startup: LightweightThemeManager
1495182842827	addons.manager	DEBUG	Starting provider: GMPProvider
1495182842840	addons.manager	DEBUG	Registering shutdown blocker for GMPProvider
1495182842840	addons.manager	DEBUG	Provider finished startup: GMPProvider
1495182842840	addons.manager	DEBUG	Starting provider: PluginProvider
1495182842841	addons.manager	DEBUG	Registering shutdown blocker for PluginProvider
1495182842841	addons.manager	DEBUG	Provider finished startup: PluginProvider
1495182842842	addons.manager	DEBUG	Completed startup sequence
1495182843117	Marionette	INFO	Listening on port 60102
1495182843377	addons.manager	DEBUG	Starting provider: <unnamed-provider>
1495182843378	addons.manager	DEBUG	Registering shutdown blocker for <unnamed-provider>
1495182843378	addons.manager	DEBUG	Provider finished startup: <unnamed-provider>
1495182843419	addons.manager	DEBUG	Starting provider: PreviousExperimentProvider
1495182843419	addons.manager	DEBUG	Registering shutdown blocker for PreviousExperimentProvider
1495182843420	addons.manager	DEBUG	Provider finished startup: PreviousExperimentProvider
1495182843422	DeferredSave.extensions.json	DEBUG	Starting write
1495182843827	DeferredSave.extensions.json	DEBUG	Write succeeded
1495182843828	addons.xpi-utils	DEBUG	XPI Database saved, setting schema version preference to 19
1495182878343	addons.xpi	DEBUG	Calling bootstrap method shutdown on webcompat@mozilla.org version 1.0
1495182878344	addons.xpi	DEBUG	Calling bootstrap method shutdown on firefox@getpocket.com version 1.0.5
1495182878345	addons.xpi	DEBUG	Calling bootstrap method shutdown on e10srollout@mozilla.org version 1.9
1495182878346	addons.xpi	DEBUG	Calling bootstrap method shutdown on deployment-checker@mozilla.org version 1.0
1495182878346	addons.xpi	DEBUG	Calling bootstrap method shutdown on aushelper@mozilla.org version 2.0
1495182878498	addons.manager	DEBUG	shutdown
1495182878499	addons.manager	DEBUG	Calling shutdown blocker for XPIProvider
1495182878500	addons.xpi	DEBUG	shutdown
1495182878500	addons.xpi-utils	DEBUG	shutdown
1495182878501	addons.manager	DEBUG	Calling shutdown blocker for LightweightThemeManager
1495182878501	addons.manager	DEBUG	Calling shutdown blocker for GMPProvider
1495182878504	addons.manager	DEBUG	Calling shutdown blocker for PluginProvider
1495182878505	addons.manager	DEBUG	Calling shutdown blocker for <unnamed-provider>
1495182878507	addons.manager	DEBUG	Calling shutdown blocker for PreviousExperimentProvider
1495182878509	addons.xpi	DEBUG	Notifying XPI shutdown observers
1495182878514	addons.manager	DEBUG	Async provider shutdown done
	addons.xpi-utils	DEBUG	shutdown
1495182665518	addons.manager	DEBUG	Calling shutdown blocker for LightweightThemeManager
1495182665518	addons.manager	DEBUG	Calling shutdown blocker for GMPProvider
1495182665521	addons.manager	DEBUG	Calling shutdown blocker for PluginProvider
1495182665522	addons.manager	DEBUG	Calling shutdown blocker for <unnamed-provider>
1495182665524	addons.manager	DEBUG	Calling shutdown blocker for PreviousExperimentProvider
1495182665527	addons.xpi	DEBUG	Notifying XPI shutdown observers
1495182665531	addons.manager	DEBUG	Async provider shutdown done
